0 info it worked if it ends with ok
1 verbose cli [ '/usr/local/bin/node',
1 verbose cli   '/usr/local/bin/npm',
1 verbose cli   'run-script',
1 verbose cli   'start-dev-server' ]
2 info using npm@2.14.3
3 info using node@v4.1.0
4 verbose run-script [ 'prestart-dev-server',
4 verbose run-script   'start-dev-server',
4 verbose run-script   'poststart-dev-server' ]
5 info prestart-dev-server unicorndev.ru@0.0.1
6 info start-dev-server unicorndev.ru@0.0.1
7 verbose unsafe-perm in lifecycle true
8 info unicorndev.ru@0.0.1 Failed to exec start-dev-server script
9 verbose stack Error: unicorndev.ru@0.0.1 start-dev-server: `source envs/development.sh && node --harmony --use_strict app.js`
9 verbose stack Exit status 1
9 verbose stack     at EventEmitter.<anonymous> (/usr/local/lib/node_modules/npm/lib/utils/lifecycle.js:214:16)
9 verbose stack     at emitTwo (events.js:87:13)
9 verbose stack     at EventEmitter.emit (events.js:172:7)
9 verbose stack     at ChildProcess.<anonymous> (/usr/local/lib/node_modules/npm/lib/utils/spawn.js:24:14)
9 verbose stack     at emitTwo (events.js:87:13)
9 verbose stack     at ChildProcess.emit (events.js:172:7)
9 verbose stack     at maybeClose (internal/child_process.js:817:16)
9 verbose stack     at Process.ChildProcess._handle.onexit (internal/child_process.js:211:5)
10 verbose pkgid unicorndev.ru@0.0.1
11 verbose cwd /Users/dmitriykharchenko/work/unicorndev.ru
12 error Darwin 15.0.0
13 error argv "/usr/local/bin/node" "/usr/local/bin/npm" "run-script" "start-dev-server"
14 error node v4.1.0
15 error npm  v2.14.3
16 error code ELIFECYCLE
17 error unicorndev.ru@0.0.1 start-dev-server: `source envs/development.sh && node --harmony --use_strict app.js`
17 error Exit status 1
18 error Failed at the unicorndev.ru@0.0.1 start-dev-server script 'source envs/development.sh && node --harmony --use_strict app.js'.
18 error This is most likely a problem with the unicorndev.ru package,
18 error not with npm itself.
18 error Tell the author that this fails on your system:
18 error     source envs/development.sh && node --harmony --use_strict app.js
18 error You can get their info via:
18 error     npm owner ls unicorndev.ru
18 error There is likely additional logging output above.
19 verbose exit [ 1, true ]
